[2024-02-11T14:29:24.927+0000] {taskinstance.py:1956} INFO - Dependencies all met for dep_context=non-requeueable deps ti=<TaskInstance: test_redshift_dag.transfer_s3_to_redshift manual__2024-02-11T10:38:02.704398+00:00 [queued]>
[2024-02-11T14:29:24.954+0000] {taskinstance.py:1956} INFO - Dependencies all met for dep_context=requeueable deps ti=<TaskInstance: test_redshift_dag.transfer_s3_to_redshift manual__2024-02-11T10:38:02.704398+00:00 [queued]>
[2024-02-11T14:29:24.956+0000] {taskinstance.py:2170} INFO - Starting attempt 9 of 9
[2024-02-11T14:29:25.054+0000] {taskinstance.py:2191} INFO - Executing <Task(S3ToRedshiftOperator): transfer_s3_to_redshift> on 2024-02-11 10:38:02.704398+00:00
[2024-02-11T14:29:25.107+0000] {standard_task_runner.py:60} INFO - Started process 64 to run task
[2024-02-11T14:29:25.112+0000] {standard_task_runner.py:87} INFO - Running: ['***', 'tasks', 'run', 'test_redshift_dag', 'transfer_s3_to_redshift', 'manual__2024-02-11T10:38:02.704398+00:00', '--job-id', '69', '--raw', '--subdir', 'DAGS_FOLDER/s3 _to_redshift.py', '--cfg-path', '/tmp/tmpr8o4xiae']
[2024-02-11T14:29:25.128+0000] {standard_task_runner.py:88} INFO - Job 69: Subtask transfer_s3_to_redshift
[2024-02-11T14:29:25.366+0000] {task_command.py:423} INFO - Running <TaskInstance: test_redshift_dag.transfer_s3_to_redshift manual__2024-02-11T10:38:02.704398+00:00 [running]> on host 35f4ee28a87c
[2024-02-11T14:29:25.646+0000] {taskinstance.py:2480} INFO - Exporting env vars: AIRFLOW_CTX_DAG_OWNER='stellar' AIRFLOW_CTX_DAG_ID='test_redshift_dag' AIRFLOW_CTX_TASK_ID='transfer_s3_to_redshift' AIRFLOW_CTX_EXECUTION_DATE='2024-02-11T10:38:02.704398+00:00' AIRFLOW_CTX_TRY_NUMBER='9' AIRFLOW_CTX_DAG_RUN_ID='manual__2024-02-11T10:38:02.704398+00:00'
[2024-02-11T14:29:25.689+0000] {base.py:83} INFO - Using connection ID 's3_dev_conn' for task execution.
[2024-02-11T14:29:25.713+0000] {base.py:83} INFO - Using connection ID 's3_dev_conn' for task execution.
[2024-02-11T14:29:25.718+0000] {connection_wrapper.py:378} INFO - AWS Connection (conn_id='s3_dev_conn', conn_type='aws') credentials retrieved from login and password.
[2024-02-11T14:29:25.767+0000] {s3_to_redshift.py:192} INFO - Executing COPY command...
[2024-02-11T14:29:25.787+0000] {base.py:83} INFO - Using connection ID 'redshift_default' for task execution.
[2024-02-11T14:29:27.138+0000] {taskinstance.py:2698} ERROR - Task failed with exception
Traceback (most recent call last):
  File "/home/airflow/.local/lib/python3.8/site-packages/redshift_connector/core.py", line 624, in __init__
    hostport: typing.Tuple[str, int] = Connection.__get_host_address_info(host, port)
  File "/home/airflow/.local/lib/python3.8/site-packages/redshift_connector/core.py", line 404, in __get_host_address_info
    response = socket.getaddrinfo(host=host, port=port, family=socket.AF_INET)
  File "/usr/local/lib/python3.8/socket.py", line 918, in getaddrinfo
    for res in _socket.getaddrinfo(host, port, family, type, proto, flags):
socket.gaierror: [Errno -2] Name or service not known

During handling of the above exception, another exception occurred:

Traceback (most recent call last):
  File "/home/airflow/.local/lib/python3.8/site-packages/airflow/models/taskinstance.py", line 433, in _execute_task
    result = execute_callable(context=context, **execute_callable_kwargs)
  File "/home/airflow/.local/lib/python3.8/site-packages/airflow/providers/amazon/aws/transfers/s3_to_redshift.py", line 196, in execute
    redshift_hook.run(sql, autocommit=self.autocommit)
  File "/home/airflow/.local/lib/python3.8/site-packages/airflow/providers/common/sql/hooks/sql.py", line 391, in run
    with closing(self.get_conn()) as conn:
  File "/home/airflow/.local/lib/python3.8/site-packages/airflow/providers/amazon/aws/hooks/redshift_sql.py", line 200, in get_conn
    return redshift_connector.connect(**conn_kwargs)
  File "/home/airflow/.local/lib/python3.8/site-packages/redshift_connector/__init__.py", line 376, in connect
    return Connection(
  File "/home/airflow/.local/lib/python3.8/site-packages/redshift_connector/core.py", line 689, in __init__
    raise InterfaceError("communication error", e)
redshift_connector.error.InterfaceError: ('communication error', gaierror(-2, 'Name or service not known'))
[2024-02-11T14:29:27.220+0000] {taskinstance.py:1138} INFO - Marking task as FAILED. dag_id=test_redshift_dag, task_id=transfer_s3_to_redshift, execution_date=20240211T103802, start_date=20240211T142924, end_date=20240211T142927
[2024-02-11T14:29:27.385+0000] {standard_task_runner.py:107} ERROR - Failed to execute job 69 for task transfer_s3_to_redshift (('communication error', gaierror(-2, 'Name or service not known')); 64)
[2024-02-11T14:29:27.429+0000] {local_task_job_runner.py:234} INFO - Task exited with return code 1
[2024-02-11T14:29:27.636+0000] {taskinstance.py:3280} INFO - 0 downstream tasks scheduled from follow-on schedule check
